[debug] [2026-06-30T22:43:43.687Z] ----------------------------------------------------------------------
[debug] [2026-06-30T22:43:43.689Z] Command:       C:\Program Files\nodejs\node.exe C:\Users\Yusuf Ndambwa\AppData\Roaming\npm\node_modules\firebase-tools\lib\bin\firebase.js projects:list
[debug] [2026-06-30T22:43:43.689Z] CLI Version:   15.22.4
[debug] [2026-06-30T22:43:43.689Z] Platform:      win32
[debug] [2026-06-30T22:43:43.690Z] Node Version:  v22.19.0
[debug] [2026-06-30T22:43:43.690Z] Detected Agent: unknown
[debug] [2026-06-30T22:43:43.690Z] Time:          Wed Jul 01 2026 00:43:43 GMT+0200 (Central Africa Time)
[debug] [2026-06-30T22:43:43.690Z] ----------------------------------------------------------------------
[debug] 
[debug] [2026-06-30T22:43:43.695Z] > command requires scopes: ["email","openid","https://www.googleapis.com/auth/cloudplatformprojects.readonly","https://www.googleapis.com/auth/firebase","https://www.googleapis.com/auth/cloud-platform"]
[debug] [2026-06-30T22:43:43.695Z] > authorizing via signed-in user (yndambwa@gmail.com)
[debug] [2026-06-30T22:43:43.698Z] Checked if tokens are valid: false, expires at: 1757319870982
[debug] [2026-06-30T22:43:43.699Z] Checked if tokens are valid: false, expires at: 1757319870982
[debug] [2026-06-30T22:43:43.699Z] > refreshing access token with scopes: []
[debug] [2026-06-30T22:43:43.700Z] >>> [apiv2][query] POST https://www.googleapis.com/oauth2/v3/token [none]
[debug] [2026-06-30T22:43:43.700Z] >>> [apiv2][body] POST https://www.googleapis.com/oauth2/v3/token [omitted]
[debug] [2026-06-30T22:43:44.366Z] <<< [apiv2][status] POST https://www.googleapis.com/oauth2/v3/token 400
[debug] [2026-06-30T22:43:44.366Z] <<< [apiv2][body] POST https://www.googleapis.com/oauth2/v3/token [omitted]
[debug] [2026-06-30T22:43:44.366Z] >>> [apiv2][query] GET https://firebase.googleapis.com/v1beta1/projects pageSize=1000
[debug] [2026-06-30T22:43:45.007Z] <<< [apiv2][status] GET https://firebase.googleapis.com/v1beta1/projects 401
[debug] [2026-06-30T22:43:45.007Z] <<< [apiv2][body] GET https://firebase.googleapis.com/v1beta1/projects [omitted]
[debug] [2026-06-30T22:43:45.007Z] Got a 401 Unauthenticated error for a call that required authentication. Refreshing tokens.
[debug] [2026-06-30T22:43:45.008Z] Checked if tokens are valid: false, expires at: 1757319870982
[debug] [2026-06-30T22:43:45.008Z] Checked if tokens are valid: false, expires at: 1757319870982
[debug] [2026-06-30T22:43:45.008Z] > refreshing access token with scopes: []
[debug] [2026-06-30T22:43:45.008Z] >>> [apiv2][query] POST https://www.googleapis.com/oauth2/v3/token [none]
[debug] [2026-06-30T22:43:45.008Z] >>> [apiv2][body] POST https://www.googleapis.com/oauth2/v3/token [omitted]
[debug] [2026-06-30T22:43:45.265Z] <<< [apiv2][status] POST https://www.googleapis.com/oauth2/v3/token 400
[debug] [2026-06-30T22:43:45.266Z] <<< [apiv2][body] POST https://www.googleapis.com/oauth2/v3/token [omitted]
[debug] [2026-06-30T22:43:45.267Z] Request to https://firebase.googleapis.com/v1beta1/projects?pageSize=1000 had HTTP Error: 401, Request had invalid authentication credentials. Expected OAuth 2 access token, login cookie or other valid authentication credential. See https://developers.google.com/identity/sign-in/web/devconsole-project.
[debug] [2026-06-30T22:43:45.896Z] FirebaseError: Request to https://firebase.googleapis.com/v1beta1/projects?pageSize=1000 had HTTP Error: 401, Request had invalid authentication credentials. Expected OAuth 2 access token, login cookie or other valid authentication credential. See https://developers.google.com/identity/sign-in/web/devconsole-project.
    at responseToError (C:\Users\Yusuf Ndambwa\AppData\Roaming\npm\node_modules\firebase-tools\lib\responseToError.js:53:12)
    at RetryOperation._fn (C:\Users\Yusuf Ndambwa\AppData\Roaming\npm\node_modules\firebase-tools\lib\apiv2.js:381:77)
    at process.processTicksAndRejections (node:internal/process/task_queues:105:5)
[error] 
[error] Error: Failed to list Firebase projects. See firebase-debug.log for more info.
